ISim log file
Running: C:\Users\POT04\Documents\FPGA\Variable_Senal\XOR_VAR_isim_beh.exe -intstyle ise -gui -tclbatch isim.cmd -wdb C:/Users/POT04/Documents/FPGA/Variable_Senal/XOR_VAR_isim_beh.wdb 
INFO: There is another simulation running in the same directory. Using database file name isim1.wdb.
ISim P.68d (signature 0x8ef4fb42)
This is a Full version of ISim.
Time resolution is 1 ps
# onerror resume
# wave add /
# run 1000 ns
Simulator is doing circuit initialization process.
Finished circuit initialization process.
# restart
# run 8 ns
Simulator is doing circuit initialization process.
Finished circuit initialization process.
# restart
# isim force add /xor_var/a 0 -radix bin -value 1 -radix bin -time 500 ps -repeat 1 ns
# isim force add /xor_var/b 0 -radix bin -value 1 -radix bin -time 1 ns -repeat 2 ns
# isim force add /xor_var/c 0 -radix bin -value 1 -radix bin -time 2 ns -repeat 4 ns
# run 8 ns
Simulator is doing circuit initialization process.
Finished circuit initialization process.
